<?xml version="1.0" encoding="UTF-8"?>
<testsuite xmlns:xsi="http://www.w3.org/2001/XMLSchema-instance" xsi:noNamespaceSchemaLocation="https://maven.apache.org/surefire/maven-surefire-plugin/xsd/surefire-test-report-3.0.xsd" version="3.0" name="com.lukeware.application.ApplicationTest" time="3.328" tests="1" errors="0" skipped="0" failures="0">
  <properties>
[...]
</properties>
  <testcase name="applicationContextLoaded" classname="com.lukeware.application.ApplicationTest" time="1.005">
    <system-out><![CDATA[15:03:47.227 [main] DEBUG org.springframework.test.context.BootstrapUtils - Instantiating CacheAwareContextLoaderDelegate from class [org.springframework.test.context.cache.DefaultCacheAwareContextLoaderDelegate]
15:03:47.236 [main] DEBUG org.springframework.test.context.BootstrapUtils - Instantiating BootstrapContext using constructor [public org.springframework.test.context.support.DefaultBootstrapContext(java.lang.Class,org.springframework.test.context.CacheAwareContextLoaderDelegate)]
15:03:47.273 [main] DEBUG org.springframework.test.context.BootstrapUtils - Instantiating TestContextBootstrapper for test class [com.lukeware.application.ApplicationTest] from class [org.springframework.boot.test.context.SpringBootTestContextBootstrapper]
15:03:47.284 [main] INFO org.springframework.boot.test.context.SpringBootTestContextBootstrapper - Neither @ContextConfiguration nor @ContextHierarchy found for test class [com.lukeware.application.ApplicationTest], using SpringBootContextLoader
15:03:47.287 [main] DEBUG org.springframework.test.context.support.AbstractContextLoader - Did not detect default resource location for test class [com.lukeware.application.ApplicationTest]: class path resource [com/lukeware/application/ApplicationTest-context.xml] does not exist
15:03:47.288 [main] DEBUG org.springframework.test.context.support.AbstractContextLoader - Did not detect default resource location for test class [com.lukeware.application.ApplicationTest]: class path resource [com/lukeware/application/ApplicationTestContext.groovy] does not exist
15:03:47.288 [main] INFO org.springframework.test.context.support.AbstractContextLoader - Could not detect default resource locations for test class [com.lukeware.application.ApplicationTest]: no resource found for suffixes {-context.xml, Context.groovy}.
15:03:47.321 [main] DEBUG org.springframework.test.context.support.ActiveProfilesUtils - Could not find an 'annotation declaring class' for annotation type [org.springframework.test.context.ActiveProfiles] and class [com.lukeware.application.ApplicationTest]
15:03:47.437 [main] DEBUG org.springframework.boot.test.context.SpringBootTestContextBootstrapper - @TestExecutionListeners is not present for class [com.lukeware.application.ApplicationTest]: using defaults.
15:03:47.437 [main] INFO org.springframework.boot.test.context.SpringBootTestContextBootstrapper - Loaded default TestExecutionListener class names from location [META-INF/spring.factories]: [org.springframework.test.context.web.ServletTestExecutionListener, org.springframework.test.context.support.DirtiesContextBeforeModesTestExecutionListener, org.springframework.test.context.event.ApplicationEventsTestExecutionListener, org.springframework.test.context.support.DependencyInjectionTestExecutionListener, org.springframework.test.context.support.DirtiesContextTestExecutionListener, org.springframework.test.context.transaction.TransactionalTestExecutionListener, org.springframework.test.context.jdbc.SqlScriptsTestExecutionListener, org.springframework.test.context.event.EventPublishingTestExecutionListener, org.springframework.boot.test.mock.mockito.MockitoTestExecutionListener, org.springframework.boot.test.mock.mockito.ResetMocksTestExecutionListener]
15:03:47.444 [main] DEBUG org.springframework.boot.test.context.SpringBootTestContextBootstrapper - Skipping candidate TestExecutionListener [org.springframework.test.context.transaction.TransactionalTestExecutionListener] due to a missing dependency. Specify custom listener classes or make the default listener classes and their required dependencies available. Offending class: [org/springframework/transaction/interceptor/TransactionAttributeSource]
15:03:47.445 [main] DEBUG org.springframework.boot.test.context.SpringBootTestContextBootstrapper - Skipping candidate TestExecutionListener [org.springframework.test.context.jdbc.SqlScriptsTestExecutionListener] due to a missing dependency. Specify custom listener classes or make the default listener classes and their required dependencies available. Offending class: [org/springframework/transaction/interceptor/TransactionAttribute]
15:03:47.446 [main] INFO org.springframework.boot.test.context.SpringBootTestContextBootstrapper - Using TestExecutionListeners: [org.springframework.test.context.web.ServletTestExecutionListener@205d38da, org.springframework.test.context.support.DirtiesContextBeforeModesTestExecutionListener@6950ed69, org.springframework.test.context.event.ApplicationEventsTestExecutionListener@6dd7b5a3, org.springframework.boot.test.mock.mockito.MockitoTestExecutionListener@6f3187b0, org.springframework.test.context.support.DependencyInjectionTestExecutionListener@2663e964, org.springframework.test.context.support.DirtiesContextTestExecutionListener@48b67364, org.springframework.test.context.event.EventPublishingTestExecutionListener@189cbd7c, org.springframework.boot.test.mock.mockito.ResetMocksTestExecutionListener@7bf3a5d8]
15:03:47.449 [main] DEBUG org.springframework.test.context.support.AbstractDirtiesContextTestExecutionListener - Before test class: context [DefaultTestContext@3fa247d1 testClass = ApplicationTest, testInstance = [null], testMethod = [null], testException = [null], mergedContextConfiguration = [WebMergedContextConfiguration@2cb2fc20 testClass = ApplicationTest, locations = '{}', classes = '{class com.lukeware.application.Application}', contextInitializerClasses = '[]', activeProfiles = '{}', propertySourceLocations = '{}', propertySourceProperties = '{org.springframework.boot.test.context.SpringBootTestContextBootstrapper=true}', contextCustomizers = set[org.springframework.boot.test.context.filter.ExcludeFilterContextCustomizer@77eca502, org.springframework.boot.test.json.DuplicateJsonObjectContextCustomizerFactory$DuplicateJsonObjectContextCustomizer@61386958, org.springframework.boot.test.mock.mockito.MockitoContextCustomizer@0, org.springframework.boot.test.web.client.TestRestTemplateContextCustomizer@72cde7cc, org.springframework.boot.test.context.SpringBootTestArgs@1, org.springframework.boot.test.context.SpringBootTestWebEnvironment@5a1c0542], resourceBasePath = 'src/main/webapp', contextLoader = 'org.springframework.boot.test.context.SpringBootContextLoader', parent = [null]], attributes = map['org.springframework.test.context.web.ServletTestExecutionListener.activateListener' -> true]], class annotated with @DirtiesContext [false] with mode [null].

  .   ____          _            __ _ _
 /\\ / ___'_ __ _ _(_)_ __  __ _ \ \ \ \
( ( )\___ | '_ | '_| | '_ \/ _` | \ \ \ \
 \\/  ___)| |_)| | | | | || (_| |  ) ) ) )
  '  |____| .__|_| |_|_| |_\__, | / / / /
 =========|_|==============|___/=/_/_/_/
 :: Spring Boot ::                (v2.6.3)

2022-01-27 15:03:47.797  INFO 5304 --- [           main] c.lukeware.application.ApplicationTest   : Starting ApplicationTest using Java 17.0.2 on Diegos-MBP with PID 5304 (started by diegomorais in /Users/diegomorais/workspace/poc/lab/back-end-lw-account-holder/application)
2022-01-27 15:03:47.798  INFO 5304 --- [           main] c.lukeware.application.ApplicationTest   : No active profile set, falling back to default profiles: default
2022-01-27 15:03:49.409  INFO 5304 --- [           main] c.lukeware.application.ApplicationTest   : Started ApplicationTest in 1.921 seconds (JVM running for 2.852)

  .   ____          _            __ _ _
 /\\ / ___'_ __ _ _(_)_ __  __ _ \ \ \ \
( ( )\___ | '_ | '_| | '_ \/ _` | \ \ \ \
 \\/  ___)| |_)| | | | | || (_| |  ) ) ) )
  '  |____| .__|_| |_|_| |_\__, | / / / /
 =========|_|==============|___/=/_/_/_/
 :: Spring Boot ::                (v2.6.3)

2022-01-27 15:03:49.872  INFO 5304 --- [           main] com.lukeware.application.Application     : Starting Application using Java 17.0.2 on Diegos-MBP with PID 5304 (started by diegomorais in /Users/diegomorais/workspace/poc/lab/back-end-lw-account-holder/application)
2022-01-27 15:03:49.873  INFO 5304 --- [           main] com.lukeware.application.Application     : No active profile set, falling back to default profiles: default
2022-01-27 15:03:50.162  INFO 5304 --- [           main] o.s.b.w.embedded.tomcat.TomcatWebServer  : Tomcat initialized with port(s): 8080 (http)
2022-01-27 15:03:50.171  INFO 5304 --- [           main] o.apache.catalina.core.StandardService   : Starting service [Tomcat]
2022-01-27 15:03:50.172  INFO 5304 --- [           main] org.apache.catalina.core.StandardEngine  : Starting Servlet engine: [Apache Tomcat/9.0.56]
2022-01-27 15:03:50.250  INFO 5304 --- [           main] o.a.c.c.C.[Tomcat].[localhost].[/]       : Initializing Spring embedded WebApplicationContext
2022-01-27 15:03:50.251  INFO 5304 --- [           main] w.s.c.ServletWebServerApplicationContext : Root WebApplicationContext: initialization completed in 376 ms
2022-01-27 15:03:50.419  INFO 5304 --- [           main] o.s.b.w.embedded.tomcat.TomcatWebServer  : Tomcat started on port(s): 8080 (http) with context path ''
2022-01-27 15:03:50.422  INFO 5304 --- [           main] com.lukeware.application.Application     : Started Application in 0.58 seconds (JVM running for 3.865)
]]></system-out>
  </testcase>
</testsuite>